  [4;36;1mSQL (0.2ms)[0m   [0;1mSET NAMES 'utf8'[0m
  [4;35;1mSQL (0.1ms)[0m   [0mSET SQL_AUTO_IS_NULL=0[0m
  [4;36;1mSQL (75.2ms)[0m   [0;1mSHOW TABLES[0m
  [4;35;1mSQL (586.5ms)[0m   [0mCREATE TABLE `schema_migrations` (`version` varchar(255) NOT NULL) ENGINE=InnoDB[0m
  [4;36;1mSQL (469.8ms)[0m   [0;1mCREATE UNIQUE INDEX `unique_schema_migrations` ON `schema_migrations` (`version`)[0m
  [4;35;1mSQL (0.5ms)[0m   [0mSHOW TABLES[0m
  [4;36;1mSQL (1.0ms)[0m   [0;1mSELECT version FROM schema_migrations[0m
Migrating to CreateThingers (20100216042321)
  [4;35;1mSQL (53.2ms)[0m   [0mCREATE TABLE `thingers` (`id` int(11) DEFAULT NULL auto_increment PRIMARY KEY, `name` varchar(255), `thinger_type` varchar(255), `swf_url` varchar(255), `symbol_name` varchar(255), `created_at` datetime, `updated_at` datetime) ENGINE=InnoDB[0m
  [4;36;1mSQL (0.9ms)[0m   [0;1mINSERT INTO schema_migrations (version) VALUES ('20100216042321')[0m
Migrating to CreateStoreOwnedThingers (20100217192755)
  [4;35;1mSQL (118.2ms)[0m   [0mCREATE TABLE `store_owned_thingers` (`id` int(11) DEFAULT NULL auto_increment PRIMARY KEY, `created_at` datetime, `updated_at` datetime) ENGINE=InnoDB[0m
  [4;36;1mSQL (0.8ms)[0m   [0;1mINSERT INTO schema_migrations (version) VALUES ('20100217192755')[0m
Migrating to CreateStores (20100217192814)
  [4;35;1mSQL (118.9ms)[0m   [0mCREATE TABLE `stores` (`id` int(11) DEFAULT NULL auto_increment PRIMARY KEY, `name` varchar(255), `created_at` datetime, `updated_at` datetime) ENGINE=InnoDB[0m
  [4;36;1mSQL (0.8ms)[0m   [0;1mINSERT INTO schema_migrations (version) VALUES ('20100217192814')[0m
Migrating to CreateUsers (20100217192852)
  [4;35;1mSQL (129.4ms)[0m   [0mCREATE TABLE `users` (`id` int(11) DEFAULT NULL auto_increment PRIMARY KEY, `created_at` datetime, `updated_at` datetime) ENGINE=InnoDB[0m
  [4;36;1mSQL (0.8ms)[0m   [0;1mINSERT INTO schema_migrations (version) VALUES ('20100217192852')[0m
Migrating to CreateDwellings (20100217192936)
  [4;35;1mSQL (130.1ms)[0m   [0mCREATE TABLE `dwellings` (`id` int(11) DEFAULT NULL auto_increment PRIMARY KEY, `name` varchar(255), `symbol_name` varchar(255), `swf_url` varchar(255), `created_at` datetime, `updated_at` datetime) ENGINE=InnoDB[0m
  [4;36;1mSQL (0.9ms)[0m   [0;1mINSERT INTO schema_migrations (version) VALUES ('20100217192936')[0m
Migrating to CreateCreatures (20100217202704)
  [4;35;1mSQL (128.9ms)[0m   [0mCREATE TABLE `creatures` (`id` int(11) DEFAULT NULL auto_increment PRIMARY KEY, `created_at` datetime, `updated_at` datetime) ENGINE=InnoDB[0m
  [4;36;1mSQL (0.7ms)[0m   [0;1mINSERT INTO schema_migrations (version) VALUES ('20100217202704')[0m
Migrating to CreateLayerableThingers (20100217215915)
  [4;35;1mSQL (131.8ms)[0m   [0mCREATE TABLE `layerable_thingers` (`id` int(11) DEFAULT NULL auto_increment PRIMARY KEY, `name` varchar(255), `swf_url` varchar(255), `symbol_name` varchar(255), `layer_name` varchar(255), `is_default` tinyint(1), `editable_color` tinyint(1), `created_at` datetime, `updated_at` datetime) ENGINE=InnoDB[0m
  [4;36;1mSQL (0.8ms)[0m   [0;1mINSERT INTO schema_migrations (version) VALUES ('20100217215915')[0m
Migrating to CreateUsableThingers (20100217220009)
  [4;35;1mSQL (128.9ms)[0m   [0mCREATE TABLE `usable_thingers` (`id` int(11) DEFAULT NULL auto_increment PRIMARY KEY, `name` varchar(255), `swf_url` varchar(255), `symbol_name` varchar(255), `usable_type` varchar(255), `created_at` datetime, `updated_at` datetime) ENGINE=InnoDB[0m
  [4;36;1mSQL (0.8ms)[0m   [0;1mINSERT INTO schema_migrations (version) VALUES ('20100217220009')[0m
Migrating to CreateStructureThingers (20100217220036)
  [4;35;1mSQL (151.7ms)[0m   [0mCREATE TABLE `structure_thingers` (`id` int(11) DEFAULT NULL auto_increment PRIMARY KEY, `name` varchar(255), `swf_url` varchar(255), `symbol_name` varchar(255), `structure_type` varchar(255), `created_at` datetime, `updated_at` datetime) ENGINE=InnoDB[0m
  [4;36;1mSQL (0.8ms)[0m   [0;1mINSERT INTO schema_migrations (version) VALUES ('20100217220036')[0m
Migrating to CreateOwnedStructures (20100217220450)
  [4;35;1mSQL (117.1ms)[0m   [0mCREATE TABLE `owned_structures` (`id` int(11) DEFAULT NULL auto_increment PRIMARY KEY, `x` float, `y` float, `z` float, `in_use` tinyint(1), `created_at` datetime, `updated_at` datetime) ENGINE=InnoDB[0m
  [4;36;1mSQL (0.9ms)[0m   [0;1mINSERT INTO schema_migrations (version) VALUES ('20100217220450')[0m
Migrating to CreateOwnedLayerables (20100217220557)
  [4;35;1mSQL (140.5ms)[0m   [0mCREATE TABLE `owned_layerables` (`id` int(11) DEFAULT NULL auto_increment PRIMARY KEY, `in_use` tinyint(1), `created_at` datetime, `updated_at` datetime) ENGINE=InnoDB[0m
  [4;36;1mSQL (0.7ms)[0m   [0;1mINSERT INTO schema_migrations (version) VALUES ('20100217220557')[0m
Migrating to CreateOwnedUsables (20100217220639)
  [4;35;1mSQL (106.3ms)[0m   [0mCREATE TABLE `owned_usables` (`id` int(11) DEFAULT NULL auto_increment PRIMARY KEY, `created_at` datetime, `updated_at` datetime) ENGINE=InnoDB[0m
  [4;36;1mSQL (0.8ms)[0m   [0;1mINSERT INTO schema_migrations (version) VALUES ('20100217220639')[0m
Migrating to AddStoreIdToStoreOwnedThinger (20100217221102)
  [4;35;1mSQL (144.7ms)[0m   [0mALTER TABLE `store_owned_thingers` ADD `store_id` int[0m
  [4;36;1mSQL (0.8ms)[0m   [0;1mINSERT INTO schema_migrations (version) VALUES ('20100217221102')[0m
Migrating to AddUserIdToOwnedLayerable (20100217221352)
  [4;35;1mSQL (130.0ms)[0m   [0mALTER TABLE `owned_layerables` ADD `user_id` int[0m
  [4;36;1mSQL (0.7ms)[0m   [0;1mINSERT INTO schema_migrations (version) VALUES ('20100217221352')[0m
Migrating to AddUserIdToOwnedStructure (20100217221459)
  [4;35;1mSQL (130.1ms)[0m   [0mALTER TABLE `owned_structures` ADD `user_id` int[0m
  [4;36;1mSQL (132.6ms)[0m   [0;1mALTER TABLE `owned_structures` ADD `structure_id` int[0m
  [4;35;1mSQL (1.4ms)[0m   [0mINSERT INTO schema_migrations (version) VALUES ('20100217221459')[0m
Migrating to AddLayerableIdToOwnedLayerable (20100217221551)
  [4;36;1mSQL (108.0ms)[0m   [0;1mALTER TABLE `owned_layerables` ADD `layerable_id` int[0m
  [4;35;1mSQL (0.8ms)[0m   [0mINSERT INTO schema_migrations (version) VALUES ('20100217221551')[0m
Migrating to AddUserIdToOwnedUsable (20100217221627)
  [4;36;1mSQL (117.7ms)[0m   [0;1mALTER TABLE `owned_usables` ADD `user_id` int[0m
  [4;35;1mSQL (132.4ms)[0m   [0mALTER TABLE `owned_usables` ADD `usable_id` int[0m
  [4;36;1mSQL (0.7ms)[0m   [0;1mINSERT INTO schema_migrations (version) VALUES ('20100217221627')[0m
Migrating to AddDwellingIdToOwnedStructure (20100217221651)
  [4;35;1mSQL (119.8ms)[0m   [0mALTER TABLE `owned_structures` ADD `dwelling_id` int[0m
  [4;36;1mSQL (0.8ms)[0m   [0;1mINSERT INTO schema_migrations (version) VALUES ('20100217221651')[0m
Migrating to AddRgbToOwnedLayerable (20100217221941)
  [4;35;1mSQL (129.5ms)[0m   [0mALTER TABLE `owned_layerables` ADD `r` int[0m
  [4;36;1mSQL (155.8ms)[0m   [0;1mALTER TABLE `owned_layerables` ADD `g` int[0m
  [4;35;1mSQL (132.8ms)[0m   [0mALTER TABLE `owned_layerables` ADD `b` int[0m
  [4;36;1mSQL (1.1ms)[0m   [0;1mINSERT INTO schema_migrations (version) VALUES ('20100217221941')[0m
Migrating to AddSnidToUser (20100217222015)
  [4;35;1mSQL (164.7ms)[0m   [0mALTER TABLE `users` ADD `snid` int[0m
  [4;36;1mSQL (1.6ms)[0m   [0;1mINSERT INTO schema_migrations (version) VALUES ('20100217222015')[0m
Migrating to AddCreatureIdToOwnedLayerable (20100217222452)
  [4;35;1mSQL (175.5ms)[0m   [0mALTER TABLE `owned_layerables` ADD `creature_id` int[0m
  [4;36;1mSQL (0.8ms)[0m   [0;1mINSERT INTO schema_migrations (version) VALUES ('20100217222452')[0m
Migrating to AddUserIdToCreature (20100217222604)
  [4;35;1mSQL (123.6ms)[0m   [0mALTER TABLE `creatures` ADD `user_id` int[0m
  [4;36;1mSQL (0.8ms)[0m   [0;1mINSERT INTO schema_migrations (version) VALUES ('20100217222604')[0m
Migrating to CreateOwnedDwellings (20100217222906)
  [4;35;1mSQL (126.2ms)[0m   [0mCREATE TABLE `owned_dwellings` (`id` int(11) DEFAULT NULL auto_increment PRIMARY KEY, `created_at` datetime, `updated_at` datetime) ENGINE=InnoDB[0m
  [4;36;1mSQL (0.7ms)[0m   [0;1mINSERT INTO schema_migrations (version) VALUES ('20100217222906')[0m
Migrating to AddUserIdToOwnedDwelling (20100217222949)
  [4;35;1mSQL (132.8ms)[0m   [0mALTER TABLE `owned_dwellings` ADD `user_id` int[0m
  [4;36;1mSQL (133.7ms)[0m   [0;1mALTER TABLE `owned_dwellings` ADD `dwelling_id` int[0m
  [4;35;1mSQL (0.7ms)[0m   [0mINSERT INTO schema_migrations (version) VALUES ('20100217222949')[0m
Migrating to AddCreatureTypeToCreature (20100217223759)
  [4;36;1mSQL (128.6ms)[0m   [0;1mALTER TABLE `creatures` ADD `creature_type` varchar(255)[0m
  [4;35;1mSQL (0.7ms)[0m   [0mINSERT INTO schema_migrations (version) VALUES ('20100217223759')[0m
Migrating to ChangeLayerableThinger (20100217225213)
  [4;36;1mSQL (1.4ms)[0m   [0;1mRENAME TABLE `layerable_thingers` TO `layerables`[0m
  [4;35;1mSQL (0.6ms)[0m   [0mINSERT INTO schema_migrations (version) VALUES ('20100217225213')[0m
Migrating to ChangeStructureThinger (20100217225354)
  [4;36;1mSQL (1.1ms)[0m   [0;1mRENAME TABLE `structure_thingers` TO `structures`[0m
  [4;35;1mSQL (0.6ms)[0m   [0mINSERT INTO schema_migrations (version) VALUES ('20100217225354')[0m
Migrating to ChangeUsableThinger (20100217225425)
  [4;36;1mSQL (2.2ms)[0m   [0;1mRENAME TABLE `usable_thingers` TO `usables`[0m
  [4;35;1mSQL (1.4ms)[0m   [0mINSERT INTO schema_migrations (version) VALUES ('20100217225425')[0m
Migrating to AddDataToStoreOwnedThinger (20100217225912)
  [4;36;1mSQL (112.3ms)[0m   [0;1mALTER TABLE `store_owned_thingers` ADD `price` int[0m
  [4;35;1mSQL (132.4ms)[0m   [0mALTER TABLE `store_owned_thingers` ADD `premium_price` int[0m
  [4;36;1mSQL (121.5ms)[0m   [0;1mALTER TABLE `store_owned_thingers` ADD `thinger_type` varchar(255)[0m
  [4;35;1mSQL (121.6ms)[0m   [0mALTER TABLE `store_owned_thingers` ADD `thinger_id` int[0m
  [4;36;1mSQL (0.8ms)[0m   [0;1mINSERT INTO schema_migrations (version) VALUES ('20100217225912')[0m
Migrating to CreateOwnedThingers (20100224063049)
  [4;35;1mSQL (115.5ms)[0m   [0mCREATE TABLE `owned_thingers` (`id` int(11) DEFAULT NULL auto_increment PRIMARY KEY, `in_use` tinyint(1), `created_at` datetime, `updated_at` datetime) ENGINE=InnoDB[0m
  [4;36;1mSQL (0.8ms)[0m   [0;1mINSERT INTO schema_migrations (version) VALUES ('20100224063049')[0m
Migrating to AddDataToOwnedThinger (20100224063110)
  [4;35;1mSQL (122.1ms)[0m   [0mALTER TABLE `owned_thingers` ADD `user_id` int[0m
  [4;36;1mSQL (155.0ms)[0m   [0;1mALTER TABLE `owned_thingers` ADD `thinger_id` int[0m
  [4;35;1mSQL (786.8ms)[0m   [0mALTER TABLE `owned_thingers` ADD `x` float[0m
  [4;36;1mSQL (113.4ms)[0m   [0;1mALTER TABLE `owned_thingers` ADD `y` float[0m
  [4;35;1mSQL (131.5ms)[0m   [0mALTER TABLE `owned_thingers` ADD `z` float[0m
  [4;36;1mSQL (0.7ms)[0m   [0;1mINSERT INTO schema_migrations (version) VALUES ('20100224063110')[0m
Migrating to AddIsStoreOwnedToThingers (20100224204033)
  [4;35;1mSQL (185.7ms)[0m   [0mALTER TABLE `thingers` ADD `is_store_owned` tinyint(1)[0m
  [4;36;1mSQL (0.7ms)[0m   [0;1mINSERT INTO schema_migrations (version) VALUES ('20100224204033')[0m
Migrating to AddIsStoreOwnedToLayerables (20100224204048)
  [4;35;1mSQL (129.2ms)[0m   [0mALTER TABLE `layerables` ADD `is_store_owned` tinyint(1)[0m
  [4;36;1mSQL (0.6ms)[0m   [0;1mINSERT INTO schema_migrations (version) VALUES ('20100224204048')[0m
Migrating to AddDataToUser (20100303012907)
  [4;35;1mSQL (131.9ms)[0m   [0mALTER TABLE `users` ADD `xp` int[0m
  [4;36;1mSQL (153.0ms)[0m   [0;1mALTER TABLE `users` ADD `credits` int[0m
  [4;35;1mSQL (110.4ms)[0m   [0mALTER TABLE `users` ADD `premium_credits` int[0m
  [4;36;1mSQL (0.8ms)[0m   [0;1mINSERT INTO schema_migrations (version) VALUES ('20100303012907')[0m
Migrating to CreateBackupTables (20100309025354)
  [4;35;1mSQL (103.5ms)[0m   [0mCREATE TABLE `backup` (`id` int(11) DEFAULT NULL auto_increment PRIMARY KEY, `storage` varchar(255), `trigger` varchar(255), `adapter` varchar(255), `filename` varchar(255), `path` varchar(255), `bucket` varchar(255), `created_at` datetime, `updated_at` datetime) ENGINE=InnoDB[0m
  [4;36;1mSQL (0.8ms)[0m   [0;1mINSERT INTO schema_migrations (version) VALUES ('20100309025354')[0m
  [4;35;1mSQL (1.1ms)[0m   [0mSHOW TABLES[0m
  [4;36;1mSQL (0.3ms)[0m   [0;1mSELECT version FROM schema_migrations[0m
  [4;35;1mSQL (0.7ms)[0m   [0mSHOW TABLES[0m
  [4;36;1mSQL (138.6ms)[0m   [0;1mSHOW FIELDS FROM `backup`[0m
  [4;35;1mSQL (2.5ms)[0m   [0mdescribe `backup`[0m
  [4;36;1mSQL (1.2ms)[0m   [0;1mSHOW KEYS FROM `backup`[0m
  [4;35;1mSQL (1.8ms)[0m   [0mSHOW FIELDS FROM `creatures`[0m
  [4;36;1mSQL (2.1ms)[0m   [0;1mdescribe `creatures`[0m
  [4;35;1mSQL (0.9ms)[0m   [0mSHOW KEYS FROM `creatures`[0m
  [4;36;1mSQL (1.6ms)[0m   [0;1mSHOW FIELDS FROM `dwellings`[0m
  [4;35;1mSQL (2.1ms)[0m   [0mdescribe `dwellings`[0m
  [4;36;1mSQL (0.8ms)[0m   [0;1mSHOW KEYS FROM `dwellings`[0m
  [4;35;1mSQL (1.8ms)[0m   [0mSHOW FIELDS FROM `layerables`[0m
  [4;36;1mSQL (2.2ms)[0m   [0;1mdescribe `layerables`[0m
  [4;35;1mSQL (0.9ms)[0m   [0mSHOW KEYS FROM `layerables`[0m
  [4;36;1mSQL (1.7ms)[0m   [0;1mSHOW FIELDS FROM `owned_dwellings`[0m
  [4;35;1mSQL (2.0ms)[0m   [0mdescribe `owned_dwellings`[0m
  [4;36;1mSQL (0.9ms)[0m   [0;1mSHOW KEYS FROM `owned_dwellings`[0m
  [4;35;1mSQL (1.7ms)[0m   [0mSHOW FIELDS FROM `owned_layerables`[0m
  [4;36;1mSQL (2.3ms)[0m   [0;1mdescribe `owned_layerables`[0m
  [4;35;1mSQL (0.6ms)[0m   [0mSHOW KEYS FROM `owned_layerables`[0m
  [4;36;1mSQL (1.7ms)[0m   [0;1mSHOW FIELDS FROM `owned_structures`[0m
  [4;35;1mSQL (2.2ms)[0m   [0mdescribe `owned_structures`[0m
  [4;36;1mSQL (0.8ms)[0m   [0;1mSHOW KEYS FROM `owned_structures`[0m
  [4;35;1mSQL (1.8ms)[0m   [0mSHOW FIELDS FROM `owned_thingers`[0m
  [4;36;1mSQL (2.5ms)[0m   [0;1mdescribe `owned_thingers`[0m
  [4;35;1mSQL (1.1ms)[0m   [0mSHOW KEYS FROM `owned_thingers`[0m
  [4;36;1mSQL (1.7ms)[0m   [0;1mSHOW FIELDS FROM `owned_usables`[0m
  [4;35;1mSQL (2.1ms)[0m   [0mdescribe `owned_usables`[0m
  [4;36;1mSQL (0.9ms)[0m   [0;1mSHOW KEYS FROM `owned_usables`[0m
  [4;35;1mSQL (1.7ms)[0m   [0mSHOW FIELDS FROM `store_owned_thingers`[0m
  [4;36;1mSQL (2.2ms)[0m   [0;1mdescribe `store_owned_thingers`[0m
  [4;35;1mSQL (1.1ms)[0m   [0mSHOW KEYS FROM `store_owned_thingers`[0m
  [4;36;1mSQL (1.6ms)[0m   [0;1mSHOW FIELDS FROM `stores`[0m
  [4;35;1mSQL (1.9ms)[0m   [0mdescribe `stores`[0m
  [4;36;1mSQL (0.8ms)[0m   [0;1mSHOW KEYS FROM `stores`[0m
  [4;35;1mSQL (1.9ms)[0m   [0mSHOW FIELDS FROM `structures`[0m
  [4;36;1mSQL (1.9ms)[0m   [0;1mdescribe `structures`[0m
  [4;35;1mSQL (1.3ms)[0m   [0mSHOW KEYS FROM `structures`[0m
  [4;36;1mSQL (1.7ms)[0m   [0;1mSHOW FIELDS FROM `thingers`[0m
  [4;35;1mSQL (2.3ms)[0m   [0mdescribe `thingers`[0m
  [4;36;1mSQL (0.8ms)[0m   [0;1mSHOW KEYS FROM `thingers`[0m
  [4;35;1mSQL (1.7ms)[0m   [0mSHOW FIELDS FROM `usables`[0m
  [4;36;1mSQL (2.4ms)[0m   [0;1mdescribe `usables`[0m
  [4;35;1mSQL (0.8ms)[0m   [0mSHOW KEYS FROM `usables`[0m
  [4;36;1mSQL (1.6ms)[0m   [0;1mSHOW FIELDS FROM `users`[0m
  [4;35;1mSQL (2.7ms)[0m   [0mdescribe `users`[0m
  [4;36;1mSQL (0.8ms)[0m   [0;1mSHOW KEYS FROM `users`[0m
  [4;36;1mSQL (0.2ms)[0m   [0;1mSET NAMES 'utf8'[0m
  [4;35;1mSQL (0.1ms)[0m   [0mSET SQL_AUTO_IS_NULL=0[0m


Processing SiteController#index (for 127.0.0.1 at 2010-03-09 12:35:45) [GET]

NoMethodError (undefined method `set_facebook_session' for #<SiteController:0x25fa8a0>):
  

Rendered rescues/_trace (40.3ms)
Rendered rescues/_request_and_response (33.8ms)
Rendering rescues/layout (internal_server_error)
  [4;36;1mSQL (0.2ms)[0m   [0;1mSET NAMES 'utf8'[0m
  [4;35;1mSQL (0.1ms)[0m   [0mSET SQL_AUTO_IS_NULL=0[0m


Processing SiteController#index (for 127.0.0.1 at 2010-03-09 12:36:36) [GET]

ActionView::MissingTemplate (Missing template site/index.erb in view path app/views):
  

Rendering rescues/layout (internal_server_error)
  [4;36;1mSQL (0.2ms)[0m   [0;1mSET NAMES 'utf8'[0m
  [4;35;1mSQL (0.1ms)[0m   [0mSET SQL_AUTO_IS_NULL=0[0m


Processing SiteController#index (for 127.0.0.1 at 2010-03-09 12:37:51) [GET]
Rendering site/index
Completed in 6ms (View: 5, DB: 0) | 200 OK [http://localhost/site/]
  [4;36;1mSQL (0.1ms)[0m   [0;1mSET NAMES 'utf8'[0m
  [4;35;1mSQL (0.1ms)[0m   [0mSET SQL_AUTO_IS_NULL=0[0m


Processing LayerableController#get_all (for 127.0.0.1 at 2010-03-09 12:38:02) [GET]
  [4;36;1mLayerable Load (36.0ms)[0m   [0;1mSELECT * FROM `layerables` WHERE (layerables.id >= 0) ORDER BY layerables.id ASC LIMIT 1000[0m
Completed in 666ms (View: 1, DB: 36) | 200 OK [http://localhost/layerable/get_all]
  [4;35;1mSQL (0.1ms)[0m   [0mSET NAMES 'utf8'[0m
  [4;36;1mSQL (0.1ms)[0m   [0;1mSET SQL_AUTO_IS_NULL=0[0m


Processing StoreController#get_all (for 127.0.0.1 at 2010-03-09 12:38:04) [GET]
  [4;35;1mStore Load (0.5ms)[0m   [0mSELECT * FROM `stores` WHERE (stores.id >= 0) ORDER BY stores.id ASC LIMIT 1000[0m
Completed in 103ms (View: 1, DB: 1) | 200 OK [http://localhost/store/get_all]
  [4;36;1mSQL (0.1ms)[0m   [0;1mSET NAMES 'utf8'[0m
  [4;35;1mSQL (0.1ms)[0m   [0mSET SQL_AUTO_IS_NULL=0[0m


Processing UserController#find_by_id (for 127.0.0.1 at 2010-03-09 12:38:04) [GET]
  Parameters: {"id"=>"1"}
  [4;36;1mUser Columns (21.1ms)[0m   [0;1mSHOW FIELDS FROM `users`[0m
  [4;35;1mUser Load (6.8ms)[0m   [0mSELECT * FROM `users` WHERE (`users`.`id` = 1) [0m

ActiveRecord::RecordNotFound (Couldn't find User with ID=1):
  app/controllers/user_controller.rb:6:in `find_by_id'

Rendered rescues/_trace (110.6ms)
Rendered rescues/_request_and_response (6.3ms)
Rendering rescues/layout (not_found)
  [4;36;1mSQL (0.1ms)[0m   [0;1mSET NAMES 'utf8'[0m
  [4;35;1mSQL (0.1ms)[0m   [0mSET SQL_AUTO_IS_NULL=0[0m


Processing StructureController#get_all (for 127.0.0.1 at 2010-03-09 12:38:04) [GET]
  [4;36;1mStructure Load (0.5ms)[0m   [0;1mSELECT * FROM `structures` WHERE (structures.id >= 0) ORDER BY structures.id ASC LIMIT 1000[0m
Completed in 6ms (View: 1, DB: 1) | 200 OK [http://localhost/structure/get_all]
